<?xml version="1.0" encoding="UTF-8"?>
<!-- Generated by org.testng.reporters.JUnitReportReporter -->
<testsuite hostname="DESKTOP-KP79OHH" name="org.cucumberRunner.RunCukesByCompositionTest" tests="1" failures="0" timestamp="21 May 2017 18:30:22 GMT" time="0.689" errors="0">
  <testcase name="run_cukes" time="0.689" classname="org.cucumberRunner.RunCukesByCompositionTest"/>
</testsuite> <!-- org.cucumberRunner.RunCukesByCompositionTest -->
